<?xml version="1.0" encoding="UTF-8"?>
<testsuite xmlns:xsi="http://www.w3.org/2001/XMLSchema-instance" xsi:noNamespaceSchemaLocation="https://maven.apache.org/surefire/maven-surefire-plugin/xsd/surefire-test-report.xsd" name="com.ds.edu.DsEducationOfferingApiApplicationTests" time="7.367" tests="1" errors="0" skipped="0" failures="0">
  <properties>
    <property name="java.specification.version" value="16"/>
    <property name="sun.jnu.encoding" value="UTF-8"/>
    <property name="java.class.path" value="/Users/shajithkadachi/Shajith/WorkSpace/DSEDUCATION/API/ds-education-offering-api/target/test-classes:/Users/shajithkadachi/Shajith/WorkSpace/DSEDUCATION/API/ds-education-offering-api/target/classes:/Users/shajithkadachi/.m2/repository/org/springframework/boot/spring-boot-starter-security/2.5.5/spring-boot-starter-security-2.5.5.jar:/Users/shajithkadachi/.m2/repository/org/springframework/boot/spring-boot-starter/2.5.5/spring-boot-starter-2.5.5.jar:/Users/shajithkadachi/.m2/repository/org/springframework/boot/spring-boot-starter-logging/2.5.5/spring-boot-starter-logging-2.5.5.jar:/Users/shajithkadachi/.m2/repository/ch/qos/logback/logback-classic/1.2.6/logback-classic-1.2.6.jar:/Users/shajithkadachi/.m2/repository/ch/qos/logback/logback-core/1.2.6/logback-core-1.2.6.jar:/Users/shajithkadachi/.m2/repository/org/apache/logging/log4j/log4j-to-slf4j/2.14.1/log4j-to-slf4j-2.14.1.jar:/Users/shajithkadachi/.m2/repository/org/apache/logging/log4j/log4j-api/2.14.1/log4j-api-2.14.1.jar:/Users/shajithkadachi/.m2/repository/org/slf4j/jul-to-slf4j/1.7.32/jul-to-slf4j-1.7.32.jar:/Users/shajithkadachi/.m2/repository/jakarta/annotation/jakarta.annotation-api/1.3.5/jakarta.annotation-api-1.3.5.jar:/Users/shajithkadachi/.m2/repository/org/yaml/snakeyaml/1.28/snakeyaml-1.28.jar:/Users/shajithkadachi/.m2/repository/org/springframework/spring-aop/5.3.10/spring-aop-5.3.10.jar:/Users/shajithkadachi/.m2/repository/org/springframework/spring-beans/5.3.10/spring-beans-5.3.10.jar:/Users/shajithkadachi/.m2/repository/org/springframework/security/spring-security-config/5.5.2/spring-security-config-5.5.2.jar:/Users/shajithkadachi/.m2/repository/org/springframework/spring-context/5.3.10/spring-context-5.3.10.jar:/Users/shajithkadachi/.m2/repository/org/springframework/security/spring-security-web/5.5.2/spring-security-web-5.5.2.jar:/Users/shajithkadachi/.m2/repository/org/springframework/spring-expression/5.3.10/spring-expression-5.3.10.jar:/Users/shajithkadachi/.m2/repository/org/springframework/boot/spring-boot-starter-web/2.5.5/spring-boot-starter-web-2.5.5.jar:/Users/shajithkadachi/.m2/repository/org/springframework/boot/spring-boot-starter-json/2.5.5/spring-boot-starter-json-2.5.5.jar:/Users/shajithkadachi/.m2/repository/com/fasterxml/jackson/core/jackson-databind/2.12.5/jackson-databind-2.12.5.jar:/Users/shajithkadachi/.m2/repository/com/fasterxml/jackson/core/jackson-annotations/2.12.5/jackson-annotations-2.12.5.jar:/Users/shajithkadachi/.m2/repository/com/fasterxml/jackson/core/jackson-core/2.12.5/jackson-core-2.12.5.jar:/Users/shajithkadachi/.m2/repository/com/fasterxml/jackson/datatype/jackson-datatype-jdk8/2.12.5/jackson-datatype-jdk8-2.12.5.jar:/Users/shajithkadachi/.m2/repository/com/fasterxml/jackson/datatype/jackson-datatype-jsr310/2.12.5/jackson-datatype-jsr310-2.12.5.jar:/Users/shajithkadachi/.m2/repository/com/fasterxml/jackson/module/jackson-module-parameter-names/2.12.5/jackson-module-parameter-names-2.12.5.jar:/Users/shajithkadachi/.m2/repository/org/springframework/boot/spring-boot-starter-tomcat/2.5.5/spring-boot-starter-tomcat-2.5.5.jar:/Users/shajithkadachi/.m2/repository/org/apache/tomcat/embed/tomcat-embed-core/9.0.53/tomcat-embed-core-9.0.53.jar:/Users/shajithkadachi/.m2/repository/org/apache/tomcat/embed/tomcat-embed-el/9.0.53/tomcat-embed-el-9.0.53.jar:/Users/shajithkadachi/.m2/repository/org/apache/tomcat/embed/tomcat-embed-websocket/9.0.53/tomcat-embed-websocket-9.0.53.jar:/Users/shajithkadachi/.m2/repository/org/springframework/spring-web/5.3.10/spring-web-5.3.10.jar:/Users/shajithkadachi/.m2/repository/org/springframework/spring-webmvc/5.3.10/spring-webmvc-5.3.10.jar:/Users/shajithkadachi/.m2/repository/org/springframework/boot/spring-boot-devtools/2.5.5/spring-boot-devtools-2.5.5.jar:/Users/shajithkadachi/.m2/repository/org/springframework/boot/spring-boot/2.5.5/spring-boot-2.5.5.jar:/Users/shajithkadachi/.m2/repository/org/springframework/boot/spring-boot-autoconfigure/2.5.5/spring-boot-autoconfigure-2.5.5.jar:/Users/shajithkadachi/.m2/repository/org/springframework/boot/spring-boot-starter-test/2.5.5/spring-boot-starter-test-2.5.5.jar:/Users/shajithkadachi/.m2/repository/org/springframework/boot/spring-boot-test/2.5.5/spring-boot-test-2.5.5.jar:/Users/shajithkadachi/.m2/repository/org/springframework/boot/spring-boot-test-autoconfigure/2.5.5/spring-boot-test-autoconfigure-2.5.5.jar:/Users/shajithkadachi/.m2/repository/com/jayway/jsonpath/json-path/2.5.0/json-path-2.5.0.jar:/Users/shajithkadachi/.m2/repository/net/minidev/json-smart/2.4.7/json-smart-2.4.7.jar:/Users/shajithkadachi/.m2/repository/net/minidev/accessors-smart/2.4.7/accessors-smart-2.4.7.jar:/Users/shajithkadachi/.m2/repository/org/slf4j/slf4j-api/1.7.32/slf4j-api-1.7.32.jar:/Users/shajithkadachi/.m2/repository/jakarta/xml/bind/jakarta.xml.bind-api/2.3.3/jakarta.xml.bind-api-2.3.3.jar:/Users/shajithkadachi/.m2/repository/jakarta/activation/jakarta.activation-api/1.2.2/jakarta.activation-api-1.2.2.jar:/Users/shajithkadachi/.m2/repository/org/assertj/assertj-core/3.19.0/assertj-core-3.19.0.jar:/Users/shajithkadachi/.m2/repository/org/hamcrest/hamcrest/2.2/hamcrest-2.2.jar:/Users/shajithkadachi/.m2/repository/org/junit/jupiter/junit-jupiter/5.7.2/junit-jupiter-5.7.2.jar:/Users/shajithkadachi/.m2/repository/org/junit/jupiter/junit-jupiter-api/5.7.2/junit-jupiter-api-5.7.2.jar:/Users/shajithkadachi/.m2/repository/org/apiguardian/apiguardian-api/1.1.0/apiguardian-api-1.1.0.jar:/Users/shajithkadachi/.m2/repository/org/opentest4j/opentest4j/1.2.0/opentest4j-1.2.0.jar:/Users/shajithkadachi/.m2/repository/org/junit/platform/junit-platform-commons/1.7.2/junit-platform-commons-1.7.2.jar:/Users/shajithkadachi/.m2/repository/org/junit/jupiter/junit-jupiter-params/5.7.2/junit-jupiter-params-5.7.2.jar:/Users/shajithkadachi/.m2/repository/org/junit/jupiter/junit-jupiter-engine/5.7.2/junit-jupiter-engine-5.7.2.jar:/Users/shajithkadachi/.m2/repository/org/junit/platform/junit-platform-engine/1.7.2/junit-platform-engine-1.7.2.jar:/Users/shajithkadachi/.m2/repository/org/mockito/mockito-core/3.9.0/mockito-core-3.9.0.jar:/Users/shajithkadachi/.m2/repository/net/bytebuddy/byte-buddy/1.10.22/byte-buddy-1.10.22.jar:/Users/shajithkadachi/.m2/repository/net/bytebuddy/byte-buddy-agent/1.10.22/byte-buddy-agent-1.10.22.jar:/Users/shajithkadachi/.m2/repository/org/objenesis/objenesis/3.2/objenesis-3.2.jar:/Users/shajithkadachi/.m2/repository/org/mockito/mockito-junit-jupiter/3.9.0/mockito-junit-jupiter-3.9.0.jar:/Users/shajithkadachi/.m2/repository/org/skyscreamer/jsonassert/1.5.0/jsonassert-1.5.0.jar:/Users/shajithkadachi/.m2/repository/com/vaadin/external/google/android-json/0.0.20131108.vaadin1/android-json-0.0.20131108.vaadin1.jar:/Users/shajithkadachi/.m2/repository/org/springframework/spring-core/5.3.10/spring-core-5.3.10.jar:/Users/shajithkadachi/.m2/repository/org/springframework/spring-jcl/5.3.10/spring-jcl-5.3.10.jar:/Users/shajithkadachi/.m2/repository/org/springframework/spring-test/5.3.10/spring-test-5.3.10.jar:/Users/shajithkadachi/.m2/repository/org/xmlunit/xmlunit-core/2.8.2/xmlunit-core-2.8.2.jar:/Users/shajithkadachi/.m2/repository/org/springframework/cloud/spring-cloud-starter-contract-verifier/3.0.4/spring-cloud-starter-contract-verifier-3.0.4.jar:/Users/shajithkadachi/.m2/repository/org/springframework/cloud/spring-cloud-contract-verifier/3.0.4/spring-cloud-contract-verifier-3.0.4.jar:/Users/shajithkadachi/.m2/repository/org/springframework/cloud/spring-cloud-contract-spec/3.0.4/spring-cloud-contract-spec-3.0.4.jar:/Users/shajithkadachi/.m2/repository/org/springframework/cloud/spring-cloud-contract-spec-java/3.0.4/spring-cloud-contract-spec-java-3.0.4.jar:/Users/shajithkadachi/.m2/repository/dk/brics/automaton/automaton/1.11-8/automaton-1.11-8.jar:/Users/shajithkadachi/.m2/repository/org/springframework/cloud/spring-cloud-contract-spec-groovy/3.0.4/spring-cloud-contract-spec-groovy-3.0.4.jar:/Users/shajithkadachi/.m2/repository/org/springframework/cloud/spring-cloud-contract-shade/3.0.4/spring-cloud-contract-shade-3.0.4.jar:/Users/shajithkadachi/.m2/repository/org/apache/commons/commons-text/1.9/commons-text-1.9.jar:/Users/shajithkadachi/.m2/repository/org/apache/commons/commons-lang3/3.12.0/commons-lang3-3.12.0.jar:/Users/shajithkadachi/.m2/repository/javax/inject/javax.inject/1/javax.inject-1.jar:/Users/shajithkadachi/.m2/repository/com/github/tomakehurst/wiremock-jre8-standalone/2.31.0/wiremock-jre8-standalone-2.31.0.jar:/Users/shajithkadachi/.m2/repository/org/apache/maven/resolver/maven-resolver-api/1.4.1/maven-resolver-api-1.4.1.jar:/Users/shajithkadachi/.m2/repository/com/rackspace/eclipse/webtools/sourceediting/org.eclipse.wst.xml.xpath2.processor/2.1.100/org.eclipse.wst.xml.xpath2.processor-2.1.100.jar:/Users/shajithkadachi/.m2/repository/edu/princeton/cup/java-cup/10k/java-cup-10k.jar:/Users/shajithkadachi/.m2/repository/com/ibm/icu/icu4j/4.6/icu4j-4.6.jar:/Users/shajithkadachi/.m2/repository/org/codehaus/groovy/groovy/3.0.9/groovy-3.0.9.jar:/Users/shajithkadachi/.m2/repository/org/codehaus/groovy/groovy-nio/3.0.9/groovy-nio-3.0.9.jar:/Users/shajithkadachi/.m2/repository/org/codehaus/groovy/groovy-json/3.0.9/groovy-json-3.0.9.jar:/Users/shajithkadachi/.m2/repository/org/codehaus/groovy/groovy-xml/3.0.9/groovy-xml-3.0.9.jar:/Users/shajithkadachi/.m2/repository/com/github/jknack/handlebars/4.2.0/handlebars-4.2.0.jar:/Users/shajithkadachi/.m2/repository/commons-beanutils/commons-beanutils/1.9.4/commons-beanutils-1.9.4.jar:/Users/shajithkadachi/.m2/repository/commons-logging/commons-logging/1.2/commons-logging-1.2.jar:/Users/shajithkadachi/.m2/repository/commons-collections/commons-collections/3.2.2/commons-collections-3.2.2.jar:/Users/shajithkadachi/.m2/repository/com/fasterxml/jackson/dataformat/jackson-dataformat-yaml/2.12.5/jackson-dataformat-yaml-2.12.5.jar:/Users/shajithkadachi/.m2/repository/net/javacrumbs/json-unit/json-unit-assertj/2.19.0/json-unit-assertj-2.19.0.jar:/Users/shajithkadachi/.m2/repository/net/javacrumbs/json-unit/json-unit-core/2.19.0/json-unit-core-2.19.0.jar:/Users/shajithkadachi/.m2/repository/org/hamcrest/hamcrest-core/2.2/hamcrest-core-2.2.jar:/Users/shajithkadachi/.m2/repository/net/javacrumbs/json-unit/json-unit-json-path/2.19.0/json-unit-json-path-2.19.0.jar:/Users/shajithkadachi/.m2/repository/org/springframework/cloud/spring-cloud-function-compiler/3.0.6.RELEASE/spring-cloud-function-compiler-3.0.6.RELEASE.jar:/Users/shajithkadachi/.m2/repository/io/projectreactor/reactor-core/3.4.10/reactor-core-3.4.10.jar:/Users/shajithkadachi/.m2/repository/org/reactivestreams/reactive-streams/1.0.3/reactive-streams-1.0.3.jar:/Users/shajithkadachi/.m2/repository/org/eclipse/jdt/core/compiler/ecj/4.4.2/ecj-4.4.2.jar:/Users/shajithkadachi/.m2/repository/javax/annotation/javax.annotation-api/1.3.2/javax.annotation-api-1.3.2.jar:/Users/shajithkadachi/.m2/repository/io/rest-assured/rest-assured/4.3.3/rest-assured-4.3.3.jar:/Users/shajithkadachi/.m2/repository/org/apache/httpcomponents/httpclient/4.5.13/httpclient-4.5.13.jar:/Users/shajithkadachi/.m2/repository/org/apache/httpcomponents/httpcore/4.4.14/httpcore-4.4.14.jar:/Users/shajithkadachi/.m2/repository/commons-codec/commons-codec/1.15/commons-codec-1.15.jar:/Users/shajithkadachi/.m2/repository/org/apache/httpcomponents/httpmime/4.5.13/httpmime-4.5.13.jar:/Users/shajithkadachi/.m2/repository/org/ccil/cowan/tagsoup/tagsoup/1.2.1/tagsoup-1.2.1.jar:/Users/shajithkadachi/.m2/repository/io/rest-assured/json-path/4.3.3/json-path-4.3.3.jar:/Users/shajithkadachi/.m2/repository/io/rest-assured/rest-assured-common/4.3.3/rest-assured-common-4.3.3.jar:/Users/shajithkadachi/.m2/repository/io/rest-assured/xml-path/4.3.3/xml-path-4.3.3.jar:/Users/shajithkadachi/.m2/repository/com/sun/xml/bind/jaxb-impl/2.3.3/jaxb-impl-2.3.3.jar:/Users/shajithkadachi/.m2/repository/io/rest-assured/spring-mock-mvc/4.3.3/spring-mock-mvc-4.3.3.jar:/Users/shajithkadachi/.m2/repository/io/rest-assured/spring-commons/4.3.3/spring-commons-4.3.3.jar:/Users/shajithkadachi/.m2/repository/com/toomuchcoding/jsonassert/jsonassert/0.6.1/jsonassert-0.6.1.jar:/Users/shajithkadachi/.m2/repository/cglib/cglib/3.2.11/cglib-3.2.11.jar:/Users/shajithkadachi/.m2/repository/org/ow2/asm/asm/7.1/asm-7.1.jar:/Users/shajithkadachi/.m2/repository/org/springframework/restdocs/spring-restdocs-mockmvc/2.0.5.RELEASE/spring-restdocs-mockmvc-2.0.5.RELEASE.jar:/Users/shajithkadachi/.m2/repository/javax/servlet/javax.servlet-api/4.0.1/javax.servlet-api-4.0.1.jar:/Users/shajithkadachi/.m2/repository/org/springframework/restdocs/spring-restdocs-core/2.0.5.RELEASE/spring-restdocs-core-2.0.5.RELEASE.jar:/Users/shajithkadachi/.m2/repository/org/springframework/security/spring-security-test/5.5.2/spring-security-test-5.5.2.jar:/Users/shajithkadachi/.m2/repository/org/springframework/security/spring-security-core/5.5.2/spring-security-core-5.5.2.jar:/Users/shajithkadachi/.m2/repository/org/springframework/security/spring-security-crypto/5.5.2/spring-security-crypto-5.5.2.jar:"/>
    <property name="java.vm.vendor" value="Oracle Corporation"/>
    <property name="sun.arch.data.model" value="64"/>
    <property name="java.vendor.url" value="https://java.oracle.com/"/>
    <property name="os.name" value="Mac OS X"/>
    <property name="java.vm.specification.version" value="16"/>
    <property name="sun.java.launcher" value="SUN_STANDARD"/>
    <property name="user.country" value="AU"/>
    <property name="sun.boot.library.path" value="/Applications/SpringToolSuite4.app/Contents/Eclipse/plugins/org.eclipse.justj.openjdk.hotspot.jre.full.macosx.x86_64_16.0.2.v20210721-1149/jre/lib"/>
    <property name="sun.java.command" value="/Users/shajithkadachi/Shajith/WorkSpace/DSEDUCATION/API/ds-education-offering-api/target/surefire/surefirebooter9832037670927019197.jar /Users/shajithkadachi/Shajith/WorkSpace/DSEDUCATION/API/ds-education-offering-api/target/surefire 2021-10-10T09-43-00_348-jvmRun1 surefire17859888114599925248tmp surefire_08507562658644303675tmp"/>
    <property name="http.nonProxyHosts" value="local|*.local|169.254/16|*.169.254/16"/>
    <property name="jdk.debug" value="release"/>
    <property name="surefire.test.class.path" value="/Users/shajithkadachi/Shajith/WorkSpace/DSEDUCATION/API/ds-education-offering-api/target/test-classes:/Users/shajithkadachi/Shajith/WorkSpace/DSEDUCATION/API/ds-education-offering-api/target/classes:/Users/shajithkadachi/.m2/repository/org/springframework/boot/spring-boot-starter-security/2.5.5/spring-boot-starter-security-2.5.5.jar:/Users/shajithkadachi/.m2/repository/org/springframework/boot/spring-boot-starter/2.5.5/spring-boot-starter-2.5.5.jar:/Users/shajithkadachi/.m2/repository/org/springframework/boot/spring-boot-starter-logging/2.5.5/spring-boot-starter-logging-2.5.5.jar:/Users/shajithkadachi/.m2/repository/ch/qos/logback/logback-classic/1.2.6/logback-classic-1.2.6.jar:/Users/shajithkadachi/.m2/repository/ch/qos/logback/logback-core/1.2.6/logback-core-1.2.6.jar:/Users/shajithkadachi/.m2/repository/org/apache/logging/log4j/log4j-to-slf4j/2.14.1/log4j-to-slf4j-2.14.1.jar:/Users/shajithkadachi/.m2/repository/org/apache/logging/log4j/log4j-api/2.14.1/log4j-api-2.14.1.jar:/Users/shajithkadachi/.m2/repository/org/slf4j/jul-to-slf4j/1.7.32/jul-to-slf4j-1.7.32.jar:/Users/shajithkadachi/.m2/repository/jakarta/annotation/jakarta.annotation-api/1.3.5/jakarta.annotation-api-1.3.5.jar:/Users/shajithkadachi/.m2/repository/org/yaml/snakeyaml/1.28/snakeyaml-1.28.jar:/Users/shajithkadachi/.m2/repository/org/springframework/spring-aop/5.3.10/spring-aop-5.3.10.jar:/Users/shajithkadachi/.m2/repository/org/springframework/spring-beans/5.3.10/spring-beans-5.3.10.jar:/Users/shajithkadachi/.m2/repository/org/springframework/security/spring-security-config/5.5.2/spring-security-config-5.5.2.jar:/Users/shajithkadachi/.m2/repository/org/springframework/spring-context/5.3.10/spring-context-5.3.10.jar:/Users/shajithkadachi/.m2/repository/org/springframework/security/spring-security-web/5.5.2/spring-security-web-5.5.2.jar:/Users/shajithkadachi/.m2/repository/org/springframework/spring-expression/5.3.10/spring-expression-5.3.10.jar:/Users/shajithkadachi/.m2/repository/org/springframework/boot/spring-boot-starter-web/2.5.5/spring-boot-starter-web-2.5.5.jar:/Users/shajithkadachi/.m2/repository/org/springframework/boot/spring-boot-starter-json/2.5.5/spring-boot-starter-json-2.5.5.jar:/Users/shajithkadachi/.m2/repository/com/fasterxml/jackson/core/jackson-databind/2.12.5/jackson-databind-2.12.5.jar:/Users/shajithkadachi/.m2/repository/com/fasterxml/jackson/core/jackson-annotations/2.12.5/jackson-annotations-2.12.5.jar:/Users/shajithkadachi/.m2/repository/com/fasterxml/jackson/core/jackson-core/2.12.5/jackson-core-2.12.5.jar:/Users/shajithkadachi/.m2/repository/com/fasterxml/jackson/datatype/jackson-datatype-jdk8/2.12.5/jackson-datatype-jdk8-2.12.5.jar:/Users/shajithkadachi/.m2/repository/com/fasterxml/jackson/datatype/jackson-datatype-jsr310/2.12.5/jackson-datatype-jsr310-2.12.5.jar:/Users/shajithkadachi/.m2/repository/com/fasterxml/jackson/module/jackson-module-parameter-names/2.12.5/jackson-module-parameter-names-2.12.5.jar:/Users/shajithkadachi/.m2/repository/org/springframework/boot/spring-boot-starter-tomcat/2.5.5/spring-boot-starter-tomcat-2.5.5.jar:/Users/shajithkadachi/.m2/repository/org/apache/tomcat/embed/tomcat-embed-core/9.0.53/tomcat-embed-core-9.0.53.jar:/Users/shajithkadachi/.m2/repository/org/apache/tomcat/embed/tomcat-embed-el/9.0.53/tomcat-embed-el-9.0.53.jar:/Users/shajithkadachi/.m2/repository/org/apache/tomcat/embed/tomcat-embed-websocket/9.0.53/tomcat-embed-websocket-9.0.53.jar:/Users/shajithkadachi/.m2/repository/org/springframework/spring-web/5.3.10/spring-web-5.3.10.jar:/Users/shajithkadachi/.m2/repository/org/springframework/spring-webmvc/5.3.10/spring-webmvc-5.3.10.jar:/Users/shajithkadachi/.m2/repository/org/springframework/boot/spring-boot-devtools/2.5.5/spring-boot-devtools-2.5.5.jar:/Users/shajithkadachi/.m2/repository/org/springframework/boot/spring-boot/2.5.5/spring-boot-2.5.5.jar:/Users/shajithkadachi/.m2/repository/org/springframework/boot/spring-boot-autoconfigure/2.5.5/spring-boot-autoconfigure-2.5.5.jar:/Users/shajithkadachi/.m2/repository/org/springframework/boot/spring-boot-starter-test/2.5.5/spring-boot-starter-test-2.5.5.jar:/Users/shajithkadachi/.m2/repository/org/springframework/boot/spring-boot-test/2.5.5/spring-boot-test-2.5.5.jar:/Users/shajithkadachi/.m2/repository/org/springframework/boot/spring-boot-test-autoconfigure/2.5.5/spring-boot-test-autoconfigure-2.5.5.jar:/Users/shajithkadachi/.m2/repository/com/jayway/jsonpath/json-path/2.5.0/json-path-2.5.0.jar:/Users/shajithkadachi/.m2/repository/net/minidev/json-smart/2.4.7/json-smart-2.4.7.jar:/Users/shajithkadachi/.m2/repository/net/minidev/accessors-smart/2.4.7/accessors-smart-2.4.7.jar:/Users/shajithkadachi/.m2/repository/org/slf4j/slf4j-api/1.7.32/slf4j-api-1.7.32.jar:/Users/shajithkadachi/.m2/repository/jakarta/xml/bind/jakarta.xml.bind-api/2.3.3/jakarta.xml.bind-api-2.3.3.jar:/Users/shajithkadachi/.m2/repository/jakarta/activation/jakarta.activation-api/1.2.2/jakarta.activation-api-1.2.2.jar:/Users/shajithkadachi/.m2/repository/org/assertj/assertj-core/3.19.0/assertj-core-3.19.0.jar:/Users/shajithkadachi/.m2/repository/org/hamcrest/hamcrest/2.2/hamcrest-2.2.jar:/Users/shajithkadachi/.m2/repository/org/junit/jupiter/junit-jupiter/5.7.2/junit-jupiter-5.7.2.jar:/Users/shajithkadachi/.m2/repository/org/junit/jupiter/junit-jupiter-api/5.7.2/junit-jupiter-api-5.7.2.jar:/Users/shajithkadachi/.m2/repository/org/apiguardian/apiguardian-api/1.1.0/apiguardian-api-1.1.0.jar:/Users/shajithkadachi/.m2/repository/org/opentest4j/opentest4j/1.2.0/opentest4j-1.2.0.jar:/Users/shajithkadachi/.m2/repository/org/junit/platform/junit-platform-commons/1.7.2/junit-platform-commons-1.7.2.jar:/Users/shajithkadachi/.m2/repository/org/junit/jupiter/junit-jupiter-params/5.7.2/junit-jupiter-params-5.7.2.jar:/Users/shajithkadachi/.m2/repository/org/junit/jupiter/junit-jupiter-engine/5.7.2/junit-jupiter-engine-5.7.2.jar:/Users/shajithkadachi/.m2/repository/org/junit/platform/junit-platform-engine/1.7.2/junit-platform-engine-1.7.2.jar:/Users/shajithkadachi/.m2/repository/org/mockito/mockito-core/3.9.0/mockito-core-3.9.0.jar:/Users/shajithkadachi/.m2/repository/net/bytebuddy/byte-buddy/1.10.22/byte-buddy-1.10.22.jar:/Users/shajithkadachi/.m2/repository/net/bytebuddy/byte-buddy-agent/1.10.22/byte-buddy-agent-1.10.22.jar:/Users/shajithkadachi/.m2/repository/org/objenesis/objenesis/3.2/objenesis-3.2.jar:/Users/shajithkadachi/.m2/repository/org/mockito/mockito-junit-jupiter/3.9.0/mockito-junit-jupiter-3.9.0.jar:/Users/shajithkadachi/.m2/repository/org/skyscreamer/jsonassert/1.5.0/jsonassert-1.5.0.jar:/Users/shajithkadachi/.m2/repository/com/vaadin/external/google/android-json/0.0.20131108.vaadin1/android-json-0.0.20131108.vaadin1.jar:/Users/shajithkadachi/.m2/repository/org/springframework/spring-core/5.3.10/spring-core-5.3.10.jar:/Users/shajithkadachi/.m2/repository/org/springframework/spring-jcl/5.3.10/spring-jcl-5.3.10.jar:/Users/shajithkadachi/.m2/repository/org/springframework/spring-test/5.3.10/spring-test-5.3.10.jar:/Users/shajithkadachi/.m2/repository/org/xmlunit/xmlunit-core/2.8.2/xmlunit-core-2.8.2.jar:/Users/shajithkadachi/.m2/repository/org/springframework/cloud/spring-cloud-starter-contract-verifier/3.0.4/spring-cloud-starter-contract-verifier-3.0.4.jar:/Users/shajithkadachi/.m2/repository/org/springframework/cloud/spring-cloud-contract-verifier/3.0.4/spring-cloud-contract-verifier-3.0.4.jar:/Users/shajithkadachi/.m2/repository/org/springframework/cloud/spring-cloud-contract-spec/3.0.4/spring-cloud-contract-spec-3.0.4.jar:/Users/shajithkadachi/.m2/repository/org/springframework/cloud/spring-cloud-contract-spec-java/3.0.4/spring-cloud-contract-spec-java-3.0.4.jar:/Users/shajithkadachi/.m2/repository/dk/brics/automaton/automaton/1.11-8/automaton-1.11-8.jar:/Users/shajithkadachi/.m2/repository/org/springframework/cloud/spring-cloud-contract-spec-groovy/3.0.4/spring-cloud-contract-spec-groovy-3.0.4.jar:/Users/shajithkadachi/.m2/repository/org/springframework/cloud/spring-cloud-contract-shade/3.0.4/spring-cloud-contract-shade-3.0.4.jar:/Users/shajithkadachi/.m2/repository/org/apache/commons/commons-text/1.9/commons-text-1.9.jar:/Users/shajithkadachi/.m2/repository/org/apache/commons/commons-lang3/3.12.0/commons-lang3-3.12.0.jar:/Users/shajithkadachi/.m2/repository/javax/inject/javax.inject/1/javax.inject-1.jar:/Users/shajithkadachi/.m2/repository/com/github/tomakehurst/wiremock-jre8-standalone/2.31.0/wiremock-jre8-standalone-2.31.0.jar:/Users/shajithkadachi/.m2/repository/org/apache/maven/resolver/maven-resolver-api/1.4.1/maven-resolver-api-1.4.1.jar:/Users/shajithkadachi/.m2/repository/com/rackspace/eclipse/webtools/sourceediting/org.eclipse.wst.xml.xpath2.processor/2.1.100/org.eclipse.wst.xml.xpath2.processor-2.1.100.jar:/Users/shajithkadachi/.m2/repository/edu/princeton/cup/java-cup/10k/java-cup-10k.jar:/Users/shajithkadachi/.m2/repository/com/ibm/icu/icu4j/4.6/icu4j-4.6.jar:/Users/shajithkadachi/.m2/repository/org/codehaus/groovy/groovy/3.0.9/groovy-3.0.9.jar:/Users/shajithkadachi/.m2/repository/org/codehaus/groovy/groovy-nio/3.0.9/groovy-nio-3.0.9.jar:/Users/shajithkadachi/.m2/repository/org/codehaus/groovy/groovy-json/3.0.9/groovy-json-3.0.9.jar:/Users/shajithkadachi/.m2/repository/org/codehaus/groovy/groovy-xml/3.0.9/groovy-xml-3.0.9.jar:/Users/shajithkadachi/.m2/repository/com/github/jknack/handlebars/4.2.0/handlebars-4.2.0.jar:/Users/shajithkadachi/.m2/repository/commons-beanutils/commons-beanutils/1.9.4/commons-beanutils-1.9.4.jar:/Users/shajithkadachi/.m2/repository/commons-logging/commons-logging/1.2/commons-logging-1.2.jar:/Users/shajithkadachi/.m2/repository/commons-collections/commons-collections/3.2.2/commons-collections-3.2.2.jar:/Users/shajithkadachi/.m2/repository/com/fasterxml/jackson/dataformat/jackson-dataformat-yaml/2.12.5/jackson-dataformat-yaml-2.12.5.jar:/Users/shajithkadachi/.m2/repository/net/javacrumbs/json-unit/json-unit-assertj/2.19.0/json-unit-assertj-2.19.0.jar:/Users/shajithkadachi/.m2/repository/net/javacrumbs/json-unit/json-unit-core/2.19.0/json-unit-core-2.19.0.jar:/Users/shajithkadachi/.m2/repository/org/hamcrest/hamcrest-core/2.2/hamcrest-core-2.2.jar:/Users/shajithkadachi/.m2/repository/net/javacrumbs/json-unit/json-unit-json-path/2.19.0/json-unit-json-path-2.19.0.jar:/Users/shajithkadachi/.m2/repository/org/springframework/cloud/spring-cloud-function-compiler/3.0.6.RELEASE/spring-cloud-function-compiler-3.0.6.RELEASE.jar:/Users/shajithkadachi/.m2/repository/io/projectreactor/reactor-core/3.4.10/reactor-core-3.4.10.jar:/Users/shajithkadachi/.m2/repository/org/reactivestreams/reactive-streams/1.0.3/reactive-streams-1.0.3.jar:/Users/shajithkadachi/.m2/repository/org/eclipse/jdt/core/compiler/ecj/4.4.2/ecj-4.4.2.jar:/Users/shajithkadachi/.m2/repository/javax/annotation/javax.annotation-api/1.3.2/javax.annotation-api-1.3.2.jar:/Users/shajithkadachi/.m2/repository/io/rest-assured/rest-assured/4.3.3/rest-assured-4.3.3.jar:/Users/shajithkadachi/.m2/repository/org/apache/httpcomponents/httpclient/4.5.13/httpclient-4.5.13.jar:/Users/shajithkadachi/.m2/repository/org/apache/httpcomponents/httpcore/4.4.14/httpcore-4.4.14.jar:/Users/shajithkadachi/.m2/repository/commons-codec/commons-codec/1.15/commons-codec-1.15.jar:/Users/shajithkadachi/.m2/repository/org/apache/httpcomponents/httpmime/4.5.13/httpmime-4.5.13.jar:/Users/shajithkadachi/.m2/repository/org/ccil/cowan/tagsoup/tagsoup/1.2.1/tagsoup-1.2.1.jar:/Users/shajithkadachi/.m2/repository/io/rest-assured/json-path/4.3.3/json-path-4.3.3.jar:/Users/shajithkadachi/.m2/repository/io/rest-assured/rest-assured-common/4.3.3/rest-assured-common-4.3.3.jar:/Users/shajithkadachi/.m2/repository/io/rest-assured/xml-path/4.3.3/xml-path-4.3.3.jar:/Users/shajithkadachi/.m2/repository/com/sun/xml/bind/jaxb-impl/2.3.3/jaxb-impl-2.3.3.jar:/Users/shajithkadachi/.m2/repository/io/rest-assured/spring-mock-mvc/4.3.3/spring-mock-mvc-4.3.3.jar:/Users/shajithkadachi/.m2/repository/io/rest-assured/spring-commons/4.3.3/spring-commons-4.3.3.jar:/Users/shajithkadachi/.m2/repository/com/toomuchcoding/jsonassert/jsonassert/0.6.1/jsonassert-0.6.1.jar:/Users/shajithkadachi/.m2/repository/cglib/cglib/3.2.11/cglib-3.2.11.jar:/Users/shajithkadachi/.m2/repository/org/ow2/asm/asm/7.1/asm-7.1.jar:/Users/shajithkadachi/.m2/repository/org/springframework/restdocs/spring-restdocs-mockmvc/2.0.5.RELEASE/spring-restdocs-mockmvc-2.0.5.RELEASE.jar:/Users/shajithkadachi/.m2/repository/javax/servlet/javax.servlet-api/4.0.1/javax.servlet-api-4.0.1.jar:/Users/shajithkadachi/.m2/repository/org/springframework/restdocs/spring-restdocs-core/2.0.5.RELEASE/spring-restdocs-core-2.0.5.RELEASE.jar:/Users/shajithkadachi/.m2/repository/org/springframework/security/spring-security-test/5.5.2/spring-security-test-5.5.2.jar:/Users/shajithkadachi/.m2/repository/org/springframework/security/spring-security-core/5.5.2/spring-security-core-5.5.2.jar:/Users/shajithkadachi/.m2/repository/org/springframework/security/spring-security-crypto/5.5.2/spring-security-crypto-5.5.2.jar:"/>
    <property name="sun.cpu.endian" value="little"/>
    <property name="user.home" value="/Users/shajithkadachi"/>
    <property name="user.language" value="en"/>
    <property name="java.specification.vendor" value="Oracle Corporation"/>
    <property name="java.version.date" value="2021-07-20"/>
    <property name="java.home" value="/Applications/SpringToolSuite4.app/Contents/Eclipse/plugins/org.eclipse.justj.openjdk.hotspot.jre.full.macosx.x86_64_16.0.2.v20210721-1149/jre"/>
    <property name="file.separator" value="/"/>
    <property name="style.color" value="always"/>
    <property name="basedir" value="/Users/shajithkadachi/Shajith/WorkSpace/DSEDUCATION/API/ds-education-offering-api"/>
    <property name="java.vm.compressedOopsMode" value="Zero based"/>
    <property name="line.separator" value="&#10;"/>
    <property name="java.specification.name" value="Java Platform API Specification"/>
    <property name="java.vm.specification.vendor" value="Oracle Corporation"/>
    <property name="surefire.real.class.path" value="/Users/shajithkadachi/Shajith/WorkSpace/DSEDUCATION/API/ds-education-offering-api/target/surefire/surefirebooter9832037670927019197.jar"/>
    <property name="sun.management.compiler" value="HotSpot 64-Bit Tiered Compilers"/>
    <property name="ftp.nonProxyHosts" value="local|*.local|169.254/16|*.169.254/16"/>
    <property name="java.runtime.version" value="16.0.2+7-67"/>
    <property name="user.name" value="shajithkadachi"/>
    <property name="path.separator" value=":"/>
    <property name="os.version" value="11.5"/>
    <property name="java.runtime.name" value="OpenJDK Runtime Environment"/>
    <property name="file.encoding" value="UTF-8"/>
    <property name="java.vm.name" value="OpenJDK 64-Bit Server VM"/>
    <property name="localRepository" value="/Users/shajithkadachi/.m2/repository"/>
    <property name="java.vendor.url.bug" value="https://bugreport.java.com/bugreport/"/>
    <property name="java.io.tmpdir" value="/var/folders/s4/_f0t1l2j0ldflcmhzws9z_bm0000gn/T/"/>
    <property name="java.version" value="16.0.2"/>
    <property name="user.dir" value="/Users/shajithkadachi/Shajith/WorkSpace/DSEDUCATION/API/ds-education-offering-api"/>
    <property name="os.arch" value="x86_64"/>
    <property name="java.vm.specification.name" value="Java Virtual Machine Specification"/>
    <property name="java.library.path" value="/Users/shajithkadachi/Library/Java/Extensions:/Library/Java/Extensions:/Network/Library/Java/Extensions:/System/Library/Java/Extensions:/usr/lib/java:."/>
    <property name="java.vm.info" value="mixed mode"/>
    <property name="java.vendor" value="Oracle Corporation"/>
    <property name="java.vm.version" value="16.0.2+7-67"/>
    <property name="sun.io.unicode.encoding" value="UnicodeBig"/>
    <property name="socksNonProxyHosts" value="local|*.local|169.254/16|*.169.254/16"/>
    <property name="java.class.version" value="60.0"/>
  </properties>
  <testcase name="contextLoads" classname="com.ds.edu.DsEducationOfferingApiApplicationTests" time="0.285"/>
</testsuite>